2020-03-30 09:07:00.3550 AllServer 0001 (Session.cs:150) { "_t" : "C2R_Login", "RpcId" : 1, "Account" : "234", "Password" : "111111" }
2020-03-30 09:07:00.3767 AllServer 0001 (Session.cs:297) { "_t" : "R2G_GetLoginKey", "RpcId" : 1, "Account" : "234" }
2020-03-30 09:07:00.4059 AllServer 0001 (Session.cs:150) { "_t" : "R2G_GetLoginKey", "RpcId" : 1, "Account" : "234" }
2020-03-30 09:07:00.4130 AllServer 0001 (Session.cs:297) { "_t" : "G2R_GetLoginKey", "RpcId" : 1, "Error" : 0, "Message" : null, "Key" : NumberLong("-4643099108708586198") }
2020-03-30 09:07:00.4130 AllServer 0001 (Session.cs:150) { "_t" : "G2R_GetLoginKey", "RpcId" : 1, "Error" : 0, "Message" : null, "Key" : NumberLong("-4643099108708586198") }
2020-03-30 09:07:00.4130 AllServer 0001 (Session.cs:297) { "_t" : "R2C_Login", "RpcId" : 1, "Error" : 0, "Message" : "", "Address" : "127.0.0.1:10002", "Key" : NumberLong("-4643099108708586198") }
2020-03-30 09:07:00.4570 AllServer 0001 (Session.cs:150) { "_t" : "C2G_LoginGate", "RpcId" : 2, "Key" : NumberLong("-4643099108708586198") }
2020-03-30 09:07:00.4570 AllServer 0001 (Session.cs:297) { "_t" : "G2C_LoginGate", "RpcId" : 2, "Error" : 0, "Message" : "", "PlayerId" : NumberLong("281474976710693") }
2020-03-30 09:07:00.4570 AllServer 0001 (Session.cs:297) { "_t" : "G2C_TestHotfixMessage", "Info" : "recv hotfix message success" }
2020-03-30 09:07:00.4916 AllServer 0001 (Session.cs:150) { "_t" : "C2G_PlayerInfo", "RpcId" : 3 }
2020-03-30 09:07:00.5114 AllServer 0001 (Session.cs:297) { "_t" : "G2C_PlayerInfo", "RpcId" : 3, "Error" : 0, "Message" : "", "PlayerInfo" : { "RpcId" : 0 }, "PlayerInfos" : [{ "RpcId" : 1 }, { "RpcId" : 2 }, { "RpcId" : 3 }], "TestRepeatedString" : ["9", "10"], "TestRepeatedInt32" : [4, 5, 6], "TestRepeatedInt64" : [NumberLong(7), NumberLong(8)] }
2020-03-30 09:07:10.0870 AllServer 0001 (Session.cs:150) { "_t" : "C2G_EnterMap", "RpcId" : 1 }
2020-03-30 09:07:10.0870 AllServer 0001 (Session.cs:297) { "_t" : "G2M_CreateUnit", "RpcId" : 2, "PlayerId" : NumberLong("281474976710693"), "GateSessionId" : NumberLong("281474976710692") }
2020-03-30 09:07:10.0974 AllServer 0001 (Session.cs:150) { "_t" : "G2M_CreateUnit", "RpcId" : 2, "PlayerId" : NumberLong("281474976710693"), "GateSessionId" : NumberLong("281474976710692") }
2020-03-30 09:07:10.0974 AllServer 0001 (Session.cs:297) { "_t" : "ObjectAddRequest", "RpcId" : 3, "Key" : NumberLong("385384298971177"), "InstanceId" : NumberLong("281474976710696") }
2020-03-30 09:07:10.0974 AllServer 0001 (Session.cs:150) { "_t" : "ObjectAddRequest", "RpcId" : 3, "Key" : NumberLong("385384298971177"), "InstanceId" : NumberLong("281474976710696") }
2020-03-30 09:07:10.1176 AllServer 0001 (Session.cs:297) { "_t" : "ObjectAddResponse", "RpcId" : 3, "Error" : 0, "Message" : null }
2020-03-30 09:07:10.1176 AllServer 0001 (Session.cs:150) { "_t" : "ObjectAddResponse", "RpcId" : 3, "Error" : 0, "Message" : null }
2020-03-30 09:07:10.1388 AllServer 0001 (Session.cs:297) { "_t" : "M2C_CreateUnits", "RpcId" : 0, "ActorId" : NumberLong("281474976710692"), "Units" : [{ "UnitId" : NumberLong("385384298971177"), "X" : -10.0, "Y" : 0.0, "Z" : -10.0 }] }
2020-03-30 09:07:10.1476 AllServer 0001 (Session.cs:150) { "_t" : "M2C_CreateUnits", "RpcId" : 0, "ActorId" : NumberLong("281474976710692"), "Units" : [{ "UnitId" : NumberLong("385384298971177"), "X" : -10.0, "Y" : 0.0, "Z" : -10.0 }] }
2020-03-30 09:07:10.1476 AllServer 0001 (Session.cs:297) { "_t" : "M2C_CreateUnits", "RpcId" : 0, "ActorId" : NumberLong(0), "Units" : [{ "UnitId" : NumberLong("385384298971177"), "X" : -10.0, "Y" : 0.0, "Z" : -10.0 }] }
2020-03-30 09:07:10.1589 AllServer 0001 (Session.cs:297) { "_t" : "M2G_CreateUnit", "Units" : [], "RpcId" : 2, "Error" : 0, "Message" : null, "UnitId" : NumberLong("385384298971177") }
2020-03-30 09:07:10.1589 AllServer 0001 (Session.cs:150) { "_t" : "M2G_CreateUnit", "Units" : [], "RpcId" : 2, "Error" : 0, "Message" : null, "UnitId" : NumberLong("385384298971177") }
2020-03-30 09:07:10.1589 AllServer 0001 (Session.cs:297) { "_t" : "G2C_EnterMap", "RpcId" : 1, "Error" : 0, "Message" : "", "UnitId" : NumberLong("385384298971177"), "Units" : [] }
2020-03-30 09:07:20.5743 AllServer 0001 (Session.cs:297) { "_t" : "ObjectGetRequest", "RpcId" : 4, "Key" : NumberLong("385384298971177") }
2020-03-30 09:07:20.5743 AllServer 0001 (Session.cs:150) { "_t" : "ObjectGetRequest", "RpcId" : 4, "Key" : NumberLong("385384298971177") }
2020-03-30 09:07:20.5904 AllServer 0001 (Session.cs:297) { "_t" : "ObjectGetResponse", "RpcId" : 4, "Error" : 0, "Message" : null, "InstanceId" : NumberLong("281474976710696") }
2020-03-30 09:07:20.5904 AllServer 0001 (Session.cs:150) { "_t" : "ObjectGetResponse", "RpcId" : 4, "Error" : 0, "Message" : null, "InstanceId" : NumberLong("281474976710696") }
2020-03-30 09:07:20.6028 AllServer 0001 (Session.cs:297) { "_t" : "G2M_SessionDisconnect", "RpcId" : 5, "ActorId" : NumberLong("281474976710696") }
2020-03-30 09:07:20.6028 AllServer 0001 (Session.cs:150) { "_t" : "G2M_SessionDisconnect", "RpcId" : 5, "ActorId" : NumberLong("281474976710696") }
2020-03-30 09:07:20.6028 AllServer 0001 (Session.cs:297) { "_t" : "ActorResponse", "RpcId" : 5, "Error" : 0, "Message" : null }
2020-03-30 09:07:20.6133 AllServer 0001 (Session.cs:150) { "_t" : "ActorResponse", "RpcId" : 5, "Error" : 0, "Message" : null }
2020-03-30 09:07:42.8047 AllServer 0001 (Session.cs:150) { "_t" : "C2R_Login", "RpcId" : 1, "Account" : "sdf", "Password" : "111111" }
2020-03-30 09:07:42.8047 AllServer 0001 (Session.cs:297) { "_t" : "R2G_GetLoginKey", "RpcId" : 6, "Account" : "sdf" }
2020-03-30 09:07:42.8047 AllServer 0001 (Session.cs:150) { "_t" : "R2G_GetLoginKey", "RpcId" : 6, "Account" : "sdf" }
2020-03-30 09:07:42.8047 AllServer 0001 (Session.cs:297) { "_t" : "G2R_GetLoginKey", "RpcId" : 6, "Error" : 0, "Message" : null, "Key" : NumberLong("6203500948322817187") }
2020-03-30 09:07:42.8047 AllServer 0001 (Session.cs:150) { "_t" : "G2R_GetLoginKey", "RpcId" : 6, "Error" : 0, "Message" : null, "Key" : NumberLong("6203500948322817187") }
2020-03-30 09:07:42.8047 AllServer 0001 (Session.cs:297) { "_t" : "R2C_Login", "RpcId" : 1, "Error" : 0, "Message" : "", "Address" : "127.0.0.1:10002", "Key" : NumberLong("6203500948322817187") }
2020-03-30 09:08:10.1200 AllServer 0001 (Session.cs:150) { "_t" : "C2G_LoginGate", "RpcId" : 2, "Key" : NumberLong("6203500948322817187") }
2020-03-30 09:08:10.1200 AllServer 0001 (Session.cs:297) { "_t" : "G2C_LoginGate", "RpcId" : 2, "Error" : 0, "Message" : "", "PlayerId" : NumberLong("281474976710709") }
2020-03-30 09:08:10.1200 AllServer 0001 (Session.cs:297) { "_t" : "G2C_TestHotfixMessage", "Info" : "recv hotfix message success" }
2020-03-30 09:08:10.8002 AllServer 0001 (Session.cs:150) { "_t" : "C2G_PlayerInfo", "RpcId" : 3 }
2020-03-30 09:08:10.8002 AllServer 0001 (Session.cs:297) { "_t" : "G2C_PlayerInfo", "RpcId" : 3, "Error" : 0, "Message" : "", "PlayerInfo" : { "RpcId" : 0 }, "PlayerInfos" : [{ "RpcId" : 1 }, { "RpcId" : 2 }, { "RpcId" : 3 }], "TestRepeatedString" : ["9", "10"], "TestRepeatedInt32" : [4, 5, 6], "TestRepeatedInt64" : [NumberLong(7), NumberLong(8)] }
2020-03-30 09:14:27.0783 AllServer 0001 (Session.cs:150) { "_t" : "C2R_Login", "RpcId" : 1, "Account" : "123", "Password" : "111111" }
2020-03-30 09:14:27.0952 AllServer 0001 (Session.cs:297) { "_t" : "R2G_GetLoginKey", "RpcId" : 1, "Account" : "123" }
2020-03-30 09:14:27.1181 AllServer 0001 (Session.cs:150) { "_t" : "R2G_GetLoginKey", "RpcId" : 1, "Account" : "123" }
2020-03-30 09:14:27.1181 AllServer 0001 (Session.cs:297) { "_t" : "G2R_GetLoginKey", "RpcId" : 1, "Error" : 0, "Message" : null, "Key" : NumberLong("-5484276371478802966") }
2020-03-30 09:14:27.1181 AllServer 0001 (Session.cs:150) { "_t" : "G2R_GetLoginKey", "RpcId" : 1, "Error" : 0, "Message" : null, "Key" : NumberLong("-5484276371478802966") }
2020-03-30 09:14:27.1345 AllServer 0001 (Session.cs:297) { "_t" : "R2C_Login", "RpcId" : 1, "Error" : 0, "Message" : "", "Address" : "127.0.0.1:10002", "Key" : NumberLong("-5484276371478802966") }
2020-03-30 09:14:27.1835 AllServer 0001 (Session.cs:150) { "_t" : "C2G_LoginGate", "RpcId" : 2, "Key" : NumberLong("-5484276371478802966") }
2020-03-30 09:14:27.1913 AllServer 0001 (Session.cs:297) { "_t" : "G2C_LoginGate", "RpcId" : 2, "Error" : 0, "Message" : "", "PlayerId" : NumberLong("281474976710689") }
2020-03-30 09:14:27.2079 AllServer 0001 (Session.cs:297) { "_t" : "G2C_TestHotfixMessage", "Info" : "recv hotfix message success" }
2020-03-30 09:14:37.7900 AllServer 0001 (Session.cs:150) { "_t" : "C2G_PlayerInfo", "RpcId" : 3 }
2020-03-30 09:14:37.8075 AllServer 0001 (Session.cs:297) { "_t" : "G2C_PlayerInfo", "RpcId" : 3, "Error" : 0, "Message" : "", "PlayerInfo" : { "RpcId" : 0 }, "PlayerInfos" : [{ "RpcId" : 1 }, { "RpcId" : 2 }, { "RpcId" : 3 }], "TestRepeatedString" : ["9", "10"], "TestRepeatedInt32" : [4, 5, 6], "TestRepeatedInt64" : [NumberLong(7), NumberLong(8)] }
2020-03-30 09:56:01.0869 AllServer 0001 (Session.cs:150) { "_t" : "C2R_Login", "RpcId" : 1, "Account" : "sd", "Password" : "111111" }
2020-03-30 09:56:01.1047 AllServer 0001 (Session.cs:297) { "_t" : "R2G_GetLoginKey", "RpcId" : 1, "Account" : "sd" }
2020-03-30 09:56:01.1265 AllServer 0001 (Session.cs:150) { "_t" : "R2G_GetLoginKey", "RpcId" : 1, "Account" : "sd" }
2020-03-30 09:56:01.1337 AllServer 0001 (Session.cs:297) { "_t" : "G2R_GetLoginKey", "RpcId" : 1, "Error" : 0, "Message" : null, "Key" : NumberLong("-6692247696189594162") }
2020-03-30 09:56:01.1337 AllServer 0001 (Session.cs:150) { "_t" : "G2R_GetLoginKey", "RpcId" : 1, "Error" : 0, "Message" : null, "Key" : NumberLong("-6692247696189594162") }
2020-03-30 09:56:01.1337 AllServer 0001 (Session.cs:297) { "_t" : "R2C_Login", "RpcId" : 1, "Error" : 0, "Message" : "", "Address" : "127.0.0.1:10002", "Key" : NumberLong("-6692247696189594162") }
2020-03-30 09:56:01.1838 AllServer 0001 (Session.cs:150) { "_t" : "C2G_LoginGate", "RpcId" : 2, "Key" : NumberLong("-6692247696189594162") }
2020-03-30 13:10:24.1653 AllServer 0001 (Session.cs:150) { "_t" : "C2R_Login", "RpcId" : 3, "Account" : "ds", "Password" : "111111" }
2020-03-30 13:10:24.1850 AllServer 0001 (Session.cs:297) { "_t" : "R2G_GetLoginKey", "RpcId" : 1, "Account" : "ds" }
2020-03-30 13:10:24.2123 AllServer 0001 (Session.cs:150) { "_t" : "R2G_GetLoginKey", "RpcId" : 1, "Account" : "ds" }
2020-03-30 13:10:24.2123 AllServer 0001 (Session.cs:297) { "_t" : "G2R_GetLoginKey", "RpcId" : 1, "Error" : 0, "Message" : null, "Key" : NumberLong("6351043357195283372") }
2020-03-30 13:10:24.2242 AllServer 0001 (Session.cs:150) { "_t" : "G2R_GetLoginKey", "RpcId" : 1, "Error" : 0, "Message" : null, "Key" : NumberLong("6351043357195283372") }
2020-03-30 13:10:24.2242 AllServer 0001 (Session.cs:297) { "_t" : "R2C_Login", "RpcId" : 3, "Error" : 0, "Message" : "", "Address" : "127.0.0.1:10002", "Key" : NumberLong("6351043357195283372") }
2020-03-30 13:21:56.3632 AllServer 0001 (Session.cs:150) { "_t" : "C2R_Login", "RpcId" : 1, "Account" : "asd", "Password" : "111111" }
2020-03-30 13:21:56.3632 AllServer 0001 (Session.cs:297) { "_t" : "R2G_GetLoginKey", "RpcId" : 2, "Account" : "asd" }
2020-03-30 13:21:56.3632 AllServer 0001 (Session.cs:150) { "_t" : "R2G_GetLoginKey", "RpcId" : 2, "Account" : "asd" }
2020-03-30 13:21:56.3632 AllServer 0001 (Session.cs:297) { "_t" : "G2R_GetLoginKey", "RpcId" : 2, "Error" : 0, "Message" : null, "Key" : NumberLong("1886880692476883492") }
2020-03-30 13:21:56.3632 AllServer 0001 (Session.cs:150) { "_t" : "G2R_GetLoginKey", "RpcId" : 2, "Error" : 0, "Message" : null, "Key" : NumberLong("1886880692476883492") }
2020-03-30 13:21:56.3632 AllServer 0001 (Session.cs:297) { "_t" : "R2C_Login", "RpcId" : 1, "Error" : 0, "Message" : "", "Address" : "127.0.0.1:10002", "Key" : NumberLong("1886880692476883492") }
2020-03-30 13:21:56.4027 AllServer 0001 (Session.cs:150) { "_t" : "C2G_LoginGate", "RpcId" : 2, "Key" : NumberLong("1886880692476883492") }
2020-03-30 13:22:02.1519 AllServer 0001 (Session.cs:297) { "_t" : "G2C_LoginGate", "RpcId" : 2, "Error" : 0, "Message" : "", "PlayerId" : NumberLong("281474976710693") }
2020-03-30 13:22:02.1519 AllServer 0001 (Session.cs:297) { "_t" : "G2C_TestHotfixMessage", "Info" : "recv hotfix message success" }
2020-03-30 13:22:02.1849 AllServer 0001 (Session.cs:150) { "_t" : "C2G_PlayerInfo", "RpcId" : 3 }
2020-03-30 13:22:02.2003 AllServer 0001 (Session.cs:297) { "_t" : "G2C_PlayerInfo", "RpcId" : 3, "Error" : 0, "Message" : "", "PlayerInfo" : { "RpcId" : 0 }, "PlayerInfos" : [{ "RpcId" : 1 }, { "RpcId" : 2 }, { "RpcId" : 3 }], "TestRepeatedString" : ["9", "10"], "TestRepeatedInt32" : [4, 5, 6], "TestRepeatedInt64" : [NumberLong(7), NumberLong(8)] }
2020-03-30 13:26:23.9685 AllServer 0001 (Session.cs:150) { "_t" : "C2R_Login", "RpcId" : 1, "Account" : "sdf", "Password" : "111111" }
2020-03-30 13:26:23.9685 AllServer 0001 (Session.cs:297) { "_t" : "R2G_GetLoginKey", "RpcId" : 3, "Account" : "sdf" }
2020-03-30 13:26:23.9685 AllServer 0001 (Session.cs:150) { "_t" : "R2G_GetLoginKey", "RpcId" : 3, "Account" : "sdf" }
2020-03-30 13:26:23.9716 AllServer 0001 (Session.cs:297) { "_t" : "G2R_GetLoginKey", "RpcId" : 3, "Error" : 0, "Message" : null, "Key" : NumberLong("4611519076622093563") }
2020-03-30 13:26:23.9716 AllServer 0001 (Session.cs:150) { "_t" : "G2R_GetLoginKey", "RpcId" : 3, "Error" : 0, "Message" : null, "Key" : NumberLong("4611519076622093563") }
2020-03-30 13:26:23.9716 AllServer 0001 (Session.cs:297) { "_t" : "R2C_Login", "RpcId" : 1, "Error" : 0, "Message" : "", "Address" : "127.0.0.1:10002", "Key" : NumberLong("4611519076622093563") }
2020-03-30 13:26:24.0004 AllServer 0001 (Session.cs:150) { "_t" : "C2G_LoginGate", "RpcId" : 2, "Key" : NumberLong("4611519076622093563") }
2020-03-30 13:27:51.0898 AllServer 0001 (Session.cs:297) { "_t" : "G2C_LoginGate", "RpcId" : 2, "Error" : 0, "Message" : "", "PlayerId" : NumberLong("281474976710702") }
2020-03-30 13:28:02.6618 AllServer 0001 (Session.cs:297) { "_t" : "G2C_TestHotfixMessage", "Info" : "recv hotfix message success" }
2020-03-30 13:28:09.6642 AllServer 0001 (Session.cs:150) { "_t" : "C2G_PlayerInfo", "RpcId" : 3 }
2020-03-30 13:28:09.6642 AllServer 0001 (Session.cs:297) { "_t" : "G2C_PlayerInfo", "RpcId" : 3, "Error" : 0, "Message" : "", "PlayerInfo" : { "RpcId" : 0 }, "PlayerInfos" : [{ "RpcId" : 1 }, { "RpcId" : 2 }, { "RpcId" : 3 }], "TestRepeatedString" : ["9", "10"], "TestRepeatedInt32" : [4, 5, 6], "TestRepeatedInt64" : [NumberLong(7), NumberLong(8)] }
