2020-04-04 09:48:57.7995 AllServer 0001 (Program.cs:36) server start........................ 1 AllServer
2020-04-04 09:53:22.2296 AllServer 0001 (Program.cs:36) server start........................ 1 AllServer
2020-04-04 09:55:13.2064 AllServer 0001 (Program.cs:36) server start........................ 1 AllServer
2020-04-04 09:55:13.3983 AllServer 0001 (AppManagerComponent.cs:56) dotnet App.dll --appId=2 --appType=Realm --config=../Config/StartConfig/127.0.0.1.txt
2020-04-04 09:55:13.5253 AllServer 0001 (AppManagerComponent.cs:56) dotnet App.dll --appId=3 --appType=Location --config=../Config/StartConfig/127.0.0.1.txt
2020-04-04 09:55:13.6411 AllServer 0001 (AppManagerComponent.cs:56) dotnet App.dll --appId=4 --appType=Gate --config=../Config/StartConfig/127.0.0.1.txt
2020-04-04 09:55:13.9981 AllServer 0001 (AppManagerComponent.cs:56) dotnet App.dll --appId=5 --appType=Gate --config=../Config/StartConfig/127.0.0.1.txt
2020-04-04 09:55:14.4349 AllServer 0001 (AppManagerComponent.cs:56) dotnet App.dll --appId=6 --appType=Gate --config=../Config/StartConfig/127.0.0.1.txt
2020-04-04 09:55:14.7437 AllServer 0001 (AppManagerComponent.cs:56) dotnet App.dll --appId=7 --appType=Gate --config=../Config/StartConfig/127.0.0.1.txt
2020-04-04 09:55:15.1795 AllServer 0001 (AppManagerComponent.cs:56) dotnet App.dll --appId=8 --appType=Map --config=../Config/StartConfig/127.0.0.1.txt
2020-04-04 09:55:15.7802 AllServer 0001 (AppManagerComponent.cs:56) dotnet App.dll --appId=9 --appType=Map --config=../Config/StartConfig/127.0.0.1.txt
2020-04-04 09:55:21.1572 AllServer 0001 (AppManagerComponent.cs:56) dotnet App.dll --appId=5 --appType=Gate --config=../Config/StartConfig/127.0.0.1.txt
2020-04-04 09:56:39.9079 AllServer 0001 (Program.cs:36) server start........................ 1 AllServer
2020-04-04 10:01:19.8883 AllServer 0001 (Program.cs:36) server start........................ 1 AllServer
2020-04-04 10:03:27.3020 AllServer 0001 (Program.cs:36) server start........................ 1 AllServer
2020-04-04 10:04:55.1427 AllServer 0001 (Program.cs:36) server start........................ 1 AllServer
2020-04-04 10:10:04.6825 AllServer 0001 (Program.cs:36) server start........................ 1 AllServer
2020-04-04 10:37:32.2877 AllServer 0001 (Program.cs:36) server start........................ 1 AllServer
2020-04-04 10:38:32.0982 AllServer 0001 (Program.cs:36) server start........................ 1 AllServer
2020-04-04 10:55:56.0705 AllServer 0001 (Program.cs:37) server start........................ 1 AllServer
2020-04-04 11:07:11.3684 AllServer 0001 (Program.cs:37) server start........................ 1 AllServer
2020-04-04 11:08:20.7958 AllServer 0001 (Program.cs:37) server start........................ 1 AllServer
2020-04-04 11:09:00.9083 AllServer 0001 (Program.cs:37) server start........................ 1 AllServer
2020-04-04 11:10:35.6673 AllServer 0001 (Program.cs:37) server start........................ 1 AllServer
2020-04-04 11:13:49.6447 AllServer 0001 (Program.cs:37) server start........................ 1 AllServer
2020-04-04 11:14:08.2139 AllServer 0001 (Program.cs:37) server start........................ 1 AllServer
2020-04-04 11:14:39.3759 AllServer 0001 (Program.cs:37) server start........................ 1 AllServer
2020-04-04 11:17:15.8023 AllServer 0001 (Program.cs:37) server start........................ 1 AllServer
2020-04-04 11:18:57.7892 AllServer 0001 (Program.cs:37) server start........................ 1 AllServer
2020-04-04 11:19:46.1233 AllServer 0001 (Program.cs:37) server start........................ 1 AllServer
2020-04-04 11:20:15.7243 AllServer 0001 (Program.cs:37) server start........................ 1 AllServer
2020-04-04 11:20:41.9710 AllServer 0001 (Program.cs:37) server start........................ 1 AllServer
2020-04-04 11:21:18.5030 AllServer 0001 (Program.cs:37) server start........................ 1 AllServer
2020-04-04 11:22:08.0629 AllServer 0001 (Program.cs:37) server start........................ 1 AllServer
2020-04-04 11:23:37.7353 AllServer 0001 (Program.cs:37) server start........................ 1 AllServer
2020-04-04 11:25:00.9041 AllServer 0001 (Program.cs:37) server start........................ 1 AllServer
2020-04-04 11:26:15.6768 AllServer 0001 (Program.cs:37) server start........................ 1 AllServer
2020-04-04 11:27:39.5568 AllServer 0001 (Program.cs:37) server start........................ 1 AllServer
2020-04-04 12:01:18.8354 AllServer 0001 (Program.cs:37) server start........................ 1 AllServer
2020-04-04 12:08:46.6949 AllServer 0001 (Program.cs:37) server start........................ 1 AllServer
2020-04-04 13:12:28.3369 AllServer 0001 (Program.cs:37) server start........................ 1 AllServer
2020-04-04 13:35:49.4053 AllServer 0001 (Program.cs:37) server start........................ 1 AllServer
2020-04-04 13:38:36.2046 AllServer 0001 (Program.cs:37) server start........................ 1 AllServer
2020-04-04 14:32:19.4276 AllServer 0001 (Program.cs:37) server start........................ 1 AllServer
2020-04-04 14:49:34.3912 AllServer 0001 (Program.cs:37) server start........................ 1 AllServer
2020-04-04 15:02:55.6603 AllServer 0001 (Program.cs:37) server start........................ 1 AllServer
2020-04-04 15:08:55.1885 AllServer 0001 (Program.cs:37) server start........................ 1 AllServer
2020-04-04 15:09:49.3549 AllServer 0001 (Program.cs:37) server start........................ 1 AllServer
2020-04-04 15:23:05.2239 AllServer 0001 (Program.cs:37) server start........................ 1 AllServer
2020-04-04 15:33:07.8187 AllServer 0001 (Program.cs:37) server start........................ 1 AllServer
2020-04-04 15:34:08.0384 AllServer 0001 (Program.cs:37) server start........................ 1 AllServer
2020-04-04 15:56:57.5636 AllServer 0001 (Program.cs:37) server start........................ 1 AllServer
2020-04-04 15:59:17.1883 AllServer 0001 (Program.cs:37) server start........................ 1 AllServer
2020-04-04 16:00:01.1107 AllServer 0001 (Program.cs:37) server start........................ 1 AllServer
2020-04-04 16:37:53.4233 AllServer 0001 (Program.cs:37) server start........................ 1 AllServer
2020-04-04 17:05:34.2914 AllServer 0001 (Program.cs:37) server start........................ 1 AllServer
2020-04-04 17:08:58.3479 AllServer 0001 (Program.cs:37) server start........................ 1 AllServer
2020-04-04 17:10:11.9098 AllServer 0001 (Program.cs:37) server start........................ 1 AllServer
2020-04-04 17:14:47.2041 AllServer 0001 (Program.cs:37) server start........................ 1 AllServer
2020-04-04 17:20:02.3417 AllServer 0001 (Program.cs:37) server start........................ 1 AllServer
2020-04-04 17:30:12.7575 AllServer 0001 (Program.cs:37) server start........................ 1 AllServer
2020-04-04 17:31:46.1634 AllServer 0001 (Program.cs:37) server start........................ 1 AllServer
2020-04-04 17:43:51.6029 AllServer 0001 (Program.cs:37) server start........................ 1 AllServer
2020-04-04 17:44:30.3047 AllServer 0001 (Program.cs:37) server start........................ 1 AllServer
2020-04-04 18:02:54.2514 AllServer 0001 (Program.cs:37) server start........................ 1 AllServer
2020-04-04 18:07:32.5956 AllServer 0001 (Program.cs:37) server start........................ 1 AllServer
2020-04-04 18:08:10.4692 AllServer 0001 (Program.cs:37) server start........................ 1 AllServer
2020-04-04 19:35:31.1696 AllServer 0001 (Program.cs:37) server start........................ 1 AllServer
2020-04-04 20:00:07.2523 AllServer 0001 (Program.cs:37) server start........................ 1 AllServer
2020-04-04 20:02:47.4637 AllServer 0001 (Program.cs:37) server start........................ 1 AllServer
2020-04-04 20:05:59.0123 AllServer 0001 (Program.cs:37) server start........................ 1 AllServer
2020-04-04 20:12:25.7496 AllServer 0001 (Program.cs:37) server start........................ 1 AllServer
2020-04-04 20:13:24.5968 AllServer 0001 (Program.cs:37) server start........................ 1 AllServer
2020-04-04 20:16:18.1271 AllServer 0001 (Program.cs:37) server start........................ 1 AllServer
2020-04-04 20:18:45.0775 AllServer 0001 (Program.cs:37) server start........................ 1 AllServer
2020-04-04 20:19:14.8573 AllServer 0001 (Program.cs:37) server start........................ 1 AllServer
2020-04-04 20:43:25.9645 AllServer 0001 (Program.cs:37) server start........................ 1 AllServer
2020-04-04 20:47:16.0445 AllServer 0001 (Program.cs:37) server start........................ 1 AllServer
2020-04-04 20:48:16.4087 AllServer 0001 (Program.cs:37) server start........................ 1 AllServer
2020-04-04 20:53:02.9732 AllServer 0001 (Program.cs:37) server start........................ 1 AllServer
2020-04-04 20:53:35.6703 AllServer 0001 (Program.cs:37) server start........................ 1 AllServer
2020-04-04 21:25:15.2148 AllServer 0001 (Program.cs:37) server start........................ 1 AllServer
